<?xml version="1.0" encoding="UTF-8"?>
<!-- Generated by org.testng.reporters.JUnitXMLReporter -->
<testsuite ignored="0" hostname="Jays-MacBook-Air.local" failures="0" tests="4" name="Default test" time="2.489" errors="0" timestamp="2022-05-04T15:28:41 EDT">
  <testcase classname="dataDrivenExample" name="test_delete" time="2.297"/>
  <testcase classname="dataDrivenExample" name="test_delete" time="0.062"/>
  <testcase classname="dataDrivenExample" name="test_delete" time="0.028"/>
  <testcase classname="dataDrivenExample" name="test_delete" time="0.028"/>
</testsuite> <!-- Default test -->
