<?xml version="1.0" encoding="UTF-8"?>
<testng-results ignored="0" total="4" passed="4" failed="0" skipped="0">
  <reporter-output>
  </reporter-output>
  <suite started-at="2022-05-04T15:28:39 EDT" name="Default suite" finished-at="2022-05-04T15:28:41 EDT" duration-ms="2489">
    <groups>
    </groups>
    <test started-at="2022-05-04T15:28:39 EDT" name="Default test" finished-at="2022-05-04T15:28:41 EDT" duration-ms="2489">
      <class name="dataDrivenExample">
        <test-method signature="test_delete(int)[pri:0, instance:dataDrivenExample@7692d9cc]" started-at="2022-05-04T15:28:39 EDT" name="test_delete" data-provider="datafordelete" finished-at="2022-05-04T15:28:41 EDT" duration-ms="2297" status="PASS">
          <params>
            <param index="0">
              <value>
                <![CDATA[5]]>
              </value>
            </param>
          </params>
          <reporter-output>
          </reporter-output>
        </test-method> <!-- test_delete -->
        <test-method signature="test_delete(int)[pri:0, instance:dataDrivenExample@7692d9cc]" started-at="2022-05-04T15:28:41 EDT" name="test_delete" data-provider="datafordelete" finished-at="2022-05-04T15:28:41 EDT" duration-ms="62" status="PASS">
          <params>
            <param index="0">
              <value>
                <![CDATA[6]]>
              </value>
            </param>
          </params>
          <reporter-output>
          </reporter-output>
        </test-method> <!-- test_delete -->
        <test-method signature="test_delete(int)[pri:0, instance:dataDrivenExample@7692d9cc]" started-at="2022-05-04T15:28:41 EDT" name="test_delete" data-provider="datafordelete" finished-at="2022-05-04T15:28:41 EDT" duration-ms="28" status="PASS">
          <params>
            <param index="0">
              <value>
                <![CDATA[7]]>
              </value>
            </param>
          </params>
          <reporter-output>
          </reporter-output>
        </test-method> <!-- test_delete -->
        <test-method signature="test_delete(int)[pri:0, instance:dataDrivenExample@7692d9cc]" started-at="2022-05-04T15:28:41 EDT" name="test_delete" data-provider="datafordelete" finished-at="2022-05-04T15:28:41 EDT" duration-ms="28" status="PASS">
          <params>
            <param index="0">
              <value>
                <![CDATA[8]]>
              </value>
            </param>
          </params>
          <reporter-output>
          </reporter-output>
        </test-method> <!-- test_delete -->
      </class> <!-- dataDrivenExample -->
    </test> <!-- Default test -->
  </suite> <!-- Default suite -->
</testng-results>
